<?xml version="1.0" encoding="UTF-8"?>
<!-- Generated by org.testng.reporters.JUnitXMLReporter -->
<testsuite ignored="0" hostname="DESKTOP-EQH7MV0" failures="1" tests="2" name="Test" time="26.925" errors="0" timestamp="2026-02-19T23:37:50 IST">
  <testcase classname="testCases.TC001_AccountRegistrationTestCase" name="verify_account_registration" time="4.043"/>
  <testcase classname="testCases.TC_002_LoginTest" name="verifyLogin" time="11.712">
    <failure type="java.lang.AssertionError" message="expected [true] but found [false]">
      <![CDATA[java.lang.AssertionError: expected [true] but found [false]
at testCases.TC_002_LoginTest.verifyLogin(TC_002_LoginTest.java:35)
at java.base/java.util.ArrayList.forEach(ArrayList.java:1596)
... Removed 29 stack frames]]>
    </failure>
  </testcase> <!-- verifyLogin -->
</testsuite> <!-- Test -->
