<?xml version="1.0" encoding="UTF-8"?>
<testng-results ignored="0" total="2" passed="2" failed="0" skipped="0">
  <reporter-output>
  </reporter-output>
  <suite started-at="2026-02-21T09:57:10 IST" name="Suite" finished-at="2026-02-21T09:57:35 IST" duration-ms="25198">
    <groups>
      <group name="Master">
        <method signature="TC001_AccountRegistrationTestCase.verify_account_registration()[pri:0, instance:testCases.TC001_AccountRegistrationTestCase@c9d0d6]" name="verify_account_registration" class="testCases.TC001_AccountRegistrationTestCase"/>
        <method signature="TC_002_LoginTest.verifyLogin()[pri:0, instance:testCases.TC_002_LoginTest@265adfad]" name="verifyLogin" class="testCases.TC_002_LoginTest"/>
      </group> <!-- Master -->
      <group name="Sanity">
        <method signature="TC_002_LoginTest.verifyLogin()[pri:0, instance:testCases.TC_002_LoginTest@265adfad]" name="verifyLogin" class="testCases.TC_002_LoginTest"/>
      </group> <!-- Sanity -->
      <group name="Regression">
        <method signature="TC001_AccountRegistrationTestCase.verify_account_registration()[pri:0, instance:testCases.TC001_AccountRegistrationTestCase@c9d0d6]" name="verify_account_registration" class="testCases.TC001_AccountRegistrationTestCase"/>
      </group> <!-- Regression -->
    </groups>
    <test started-at="2026-02-21T09:57:10 IST" name="Test" finished-at="2026-02-21T09:57:35 IST" duration-ms="25198">
      <class name="testCases.TC_002_LoginTest">
        <test-method is-config="true" signature="setup(java.lang.String,java.lang.String)[pri:0, instance:testCases.TC_002_LoginTest@265adfad]" started-at="2026-02-21T09:57:31 IST" name="setup" finished-at="2026-02-21T09:57:33 IST" duration-ms="2302" status="PASS">
          <params>
            <param index="0">
              <value>
                <![CDATA[windows]]>
              </value>
            </param>
            <param index="1">
              <value>
                <![CDATA[chrome]]>
              </value>
            </param>
          </params>
          <reporter-output>
          </reporter-output>
        </test-method> <!-- setup -->
        <test-method signature="verifyLogin()[pri:0, instance:testCases.TC_002_LoginTest@265adfad]" started-at="2026-02-21T09:57:33 IST" name="verifyLogin" finished-at="2026-02-21T09:57:35 IST" duration-ms="1654" status="PASS">
          <reporter-output>
          </reporter-output>
        </test-method> <!-- verifyLogin -->
        <test-method is-config="true" signature="tearDown()[pri:0, instance:testCases.TC_002_LoginTest@265adfad]" started-at="2026-02-21T09:57:35 IST" name="tearDown" finished-at="2026-02-21T09:57:35 IST" duration-ms="246" status="PASS">
          <reporter-output>
          </reporter-output>
        </test-method> <!-- tearDown -->
      </class> <!-- testCases.TC_002_LoginTest -->
      <class name="testCases.TC001_AccountRegistrationTestCase">
        <test-method is-config="true" signature="setup(java.lang.String,java.lang.String)[pri:0, instance:testCases.TC001_AccountRegistrationTestCase@c9d0d6]" started-at="2026-02-21T09:57:10 IST" name="setup" finished-at="2026-02-21T09:57:25 IST" duration-ms="14789" status="PASS">
          <params>
            <param index="0">
              <value>
                <![CDATA[windows]]>
              </value>
            </param>
            <param index="1">
              <value>
                <![CDATA[chrome]]>
              </value>
            </param>
          </params>
          <reporter-output>
          </reporter-output>
        </test-method> <!-- setup -->
        <test-method signature="verify_account_registration()[pri:0, instance:testCases.TC001_AccountRegistrationTestCase@c9d0d6]" started-at="2026-02-21T09:57:25 IST" name="verify_account_registration" finished-at="2026-02-21T09:57:30 IST" duration-ms="5617" status="PASS">
          <reporter-output>
          </reporter-output>
        </test-method> <!-- verify_account_registration -->
        <test-method is-config="true" signature="tearDown()[pri:0, instance:testCases.TC001_AccountRegistrationTestCase@c9d0d6]" started-at="2026-02-21T09:57:30 IST" name="tearDown" finished-at="2026-02-21T09:57:31 IST" duration-ms="237" status="PASS">
          <reporter-output>
          </reporter-output>
        </test-method> <!-- tearDown -->
      </class> <!-- testCases.TC001_AccountRegistrationTestCase -->
    </test> <!-- Test -->
  </suite> <!-- Suite -->
</testng-results>
