<?xml version="1.0" encoding="UTF-8"?>
<!-- Generated by org.testng.reporters.JUnitReportReporter -->
<testsuite hostname="DESKTOP-EQH7MV0" failures="0" tests="6" name="testCases.TC003_LoginDDT" time="32.692" errors="0" timestamp="2026-02-18T23:25:11 IST" skipped="0">
  <testcase classname="testCases.TC003_LoginDDT" name="verifyLoginDDT" time="12.720"/>
  <testcase classname="testCases.TC003_LoginDDT" name="verifyLoginDDT" time="2.230"/>
  <testcase classname="testCases.TC003_LoginDDT" name="verifyLoginDDT" time="11.443"/>
  <testcase classname="testCases.TC003_LoginDDT" name="verifyLoginDDT" time="1.820"/>
  <testcase classname="testCases.TC003_LoginDDT" name="verifyLoginDDT" time="1.957"/>
  <testcase classname="testCases.TC003_LoginDDT" name="verifyLoginDDT" time="2.522"/>
</testsuite> <!-- testCases.TC003_LoginDDT -->
